{
  message: '😁Database is connected successfully',
  level: 'info',
  label: 'PH',
  timestamp: '2023-07-03T20:40:17.916Z'
}
{
  message: 'Application listening on port 5000',
  level: 'info',
  label: 'PH',
  timestamp: '2023-07-03T20:40:17.924Z'
}
Tue Jul 04 2023 2 : 42 :2 [PH] info: 😁Database is connected successfully
Tue Jul 04 2023 2 : 42 :2 [PH] info: Application listening on port 5000
Tue Jul 04 2023 2 : 42 :12 [PH] info: 😁Database is connected successfully
Tue Jul 04 2023 2 : 42 :12 [PH] info: Application listening on port 5000
Tue Jul 04 2023 2 : 44 :15 [PH] info: 😁Database is connected successfully
Tue Jul 04 2023 2 : 44 :16 [PH] info: Application listening on port 5000
Tue Jul 04 2023 2 : 56 :7 [PH] info: 😁Database is connected successfully
Tue Jul 04 2023 2 : 56 :7 [PH] info: Application listening on port 5000
